Read RDF Align mapping objects: 108
Read RDF Align mapping objects: 27
Number of mappings without namspace filtering
Read RDF Align mapping objects: 23
Loading mappings for BertMapLt: 23
Read RDF Align mapping objects: 57
Loading mappings for LogMap: 57
Read RDF Align mapping objects: 776
Loading mappings for Matcha: 776
Read RDF Align mapping objects: 23
Loading mappings for BertMap: 23
Read RDF Align mapping objects: 105
Loading mappings for LogMapLt: 105
Read RDF Align mapping objects: 19
Loading mappings for CySecBertMap: 19
Read RDF Align mapping objects: 45
Loading mappings for AML: 45
Read RDF Align mapping objects: 19
Loading mappings for SecureBertMap: 19

Classifying 'ALCROIN(D)' Ontology with ELK... 
Done, Time (s): 0.288


Classifying 'ALCROIN(D)' Ontology with ELK... 
Done, Time (s): 0.083

Classifying integrated ontology for '8' systems.
Classifying integrated ontology with: AML

Classifying 'ALCROIN(D)' Ontology with ELK... 
Done, Time (s): 0.061

Classifying integrated ontology with: BertMap

Classifying 'ALCROIN(D)' Ontology with ELK... 
Done, Time (s): 0.054

Classifying integrated ontology with: BertMapLt

Classifying 'ALCROIN(D)' Ontology with ELK... 
Done, Time (s): 0.057

Classifying integrated ontology with: CySecBertMap

Classifying 'ALCROIN(D)' Ontology with ELK... 
Done, Time (s): 0.065

Classifying integrated ontology with: LogMap

Classifying 'ALCROIN(D)' Ontology with ELK... 
Done, Time (s): 0.046

Classifying integrated ontology with: LogMapLt

Classifying 'ALCROIN(D)' Ontology with ELK... 
Done, Time (s): 0.046

Classifying integrated ontology with: Matcha

Classifying 'ALCROIN(D)' Ontology with ELK... 
Done, Time (s): 0.042

Classifying integrated ontology with: SecureBertMap

Classifying 'ALCROIN(D)' Ontology with ELK... 
Done, Time (s): 0.703

				Consensus-2			Consensus-3			
System	Time (s)	Size	Unique	P	F	R	P	F	R	Unsat.	File nanme
AML	0	45	3	0.933	0.549	0.389	0.6	0.75	1.0	0	AML-jc3iedm-brick_2026.rdf
BertMap	0	23	4	0.739	0.259	0.157	0.652	0.6	0.556	0	BertMap-jc3iedm-brick_2026.rdf
BertMapLt	0	23	0	1.0	0.351	0.213	0.913	0.84	0.778	0	BertMapLt-jc3iedm-brick_2026.rdf
CySecBertMap	0	19	0	0.895	0.267	0.157	0.789	0.652	0.556	0	CySecBertMap-jc3iedm-brick_2026.rdf
LogMap	0	57	12	0.789	0.546	0.417	0.211	0.286	0.444	0	LogMap-jc3iedm-brick_2026.rdf
LogMapLt	0	105	26	0.752	0.741	0.731	0.238	0.379	0.926	0	LogMapLt-jc3iedm-brick_2021.rdf
Matcha	0	776	670	0.137	0.24	0.981	0.035	0.068	1.0	0	Matcha-jc3iedm-brick_2026.rdf
SecureBertMap	0	19	1	0.947	0.284	0.167	0.842	0.696	0.593	0	SecureBertMap-jc3iedm-brick_2026.rdf


<table cellpadding="4" cellspacing="0">

<tr class="header">
<td  class="header" rowspan="2"> System </td>
<td  class="header" rowspan="2" colspan="1"> Time (s) </td>
<td  class="header" rowspan="2" colspan="1"> # Mappings </td> </td>
<td  class="header" rowspan="2" colspan="1"> # Unique </td> </td>
<td  class="header" colspan="3"> Scores </td>
<td  class="header" colspan="2"> Incoherence Analysis</td>
</tr>
<tr class="header">
<td  class="header"> Precision </td><td  class="header"> &nbsp;Recall&nbsp; </td> <td  class="header"> F-measure </td>
<td  class="header"> Unsat.</td> <td  class="header"> Degree </td>
</tr>

<tr class="odd">
<td class="text">LogMapLt</td>
<td> 0 </td><td> 105 </td>
<td> 26 </td>
<td> 0.752 </td> <td> 0.731 </td> <td class="bold"> 0.741 </td>
<td> 0.238 </td> <td> 0.926 </td> <td class="bold"> 0.379 </td>
<td> &ge;0 </td><td class="right"> &ge;0&#37</td></tr>


<tr class="even">
<td class="text">AML</td>
<td> 0 </td><td> 45 </td>
<td> 3 </td>
<td> 0.933 </td> <td> 0.389 </td> <td class="bold"> 0.549 </td>
<td> 0.600 </td> <td> 1.000 </td> <td class="bold"> 0.750 </td>
<td> &ge;0 </td><td class="right"> &ge;0&#37</td></tr>


<tr class="odd">
<td class="text">LogMap</td>
<td> 0 </td><td> 57 </td>
<td> 12 </td>
<td> 0.789 </td> <td> 0.417 </td> <td class="bold"> 0.546 </td>
<td> 0.211 </td> <td> 0.444 </td> <td class="bold"> 0.286 </td>
<td> &ge;0 </td><td class="right"> &ge;0&#37</td></tr>


<tr class="even">
<td class="text">BertMapLt</td>
<td> 0 </td><td> 23 </td>
<td> 0 </td>
<td> 1.000 </td> <td> 0.213 </td> <td class="bold"> 0.351 </td>
<td> 0.913 </td> <td> 0.778 </td> <td class="bold"> 0.840 </td>
<td> &ge;0 </td><td class="right"> &ge;0&#37</td></tr>


<tr class="odd">
<td class="text">SecureBertMap</td>
<td> 0 </td><td> 19 </td>
<td> 1 </td>
<td> 0.947 </td> <td> 0.167 </td> <td class="bold"> 0.284 </td>
<td> 0.842 </td> <td> 0.593 </td> <td class="bold"> 0.696 </td>
<td> &ge;0 </td><td class="right"> &ge;0&#37</td></tr>


<tr class="even">
<td class="text">CySecBertMap</td>
<td> 0 </td><td> 19 </td>
<td> 0 </td>
<td> 0.895 </td> <td> 0.157 </td> <td class="bold"> 0.267 </td>
<td> 0.789 </td> <td> 0.556 </td> <td class="bold"> 0.652 </td>
<td> &ge;0 </td><td class="right"> &ge;0&#37</td></tr>


<tr class="odd">
<td class="text">BertMap</td>
<td> 0 </td><td> 23 </td>
<td> 4 </td>
<td> 0.739 </td> <td> 0.157 </td> <td class="bold"> 0.259 </td>
<td> 0.652 </td> <td> 0.556 </td> <td class="bold"> 0.600 </td>
<td> &ge;0 </td><td class="right"> &ge;0&#37</td></tr>


<tr class="even">
<td class="text">Matcha</td>
<td> 0 </td><td> 776 </td>
<td> 670 </td>
<td> 0.137 </td> <td> 0.981 </td> <td class="bold"> 0.240 </td>
<td> 0.035 </td> <td> 1.000 </td> <td class="bold"> 0.068 </td>
<td> &ge;0 </td><td class="right"> &ge;0&#37</td></tr>



<caption><b>Table X:</b> Results for the largebio task X.</caption>
</table>


{\small\sf LogMapLt }
& 0& 105 
& 26 
& 0.75& 0.74& 0.73
& 0.24& 0.38& 0.93
& $\geq$0& $\geq$0.0\%
\\


{\small\sf AML }
& 0& 45 
& 3 
& 0.93& 0.55& 0.39
& 0.60& 0.75& 1.00
& $\geq$0& $\geq$0.0\%
\\


{\small\sf LogMap }
& 0& 57 
& 12 
& 0.79& 0.55& 0.42
& 0.21& 0.29& 0.44
& $\geq$0& $\geq$0.0\%
\\


{\small\sf BertMapLt }
& 0& 23 
& 0 
& 1.00& 0.35& 0.21
& 0.91& 0.84& 0.78
& $\geq$0& $\geq$0.0\%
\\


{\small\sf SecureBertMap }
& 0& 19 
& 1 
& 0.95& 0.28& 0.17
& 0.84& 0.70& 0.59
& $\geq$0& $\geq$0.0\%
\\


{\small\sf CySecBertMap }
& 0& 19 
& 0 
& 0.90& 0.27& 0.16
& 0.79& 0.65& 0.56
& $\geq$0& $\geq$0.0\%
\\


{\small\sf BertMap }
& 0& 23 
& 4 
& 0.74& 0.26& 0.16
& 0.65& 0.60& 0.56
& $\geq$0& $\geq$0.0\%
\\


{\small\sf Matcha }
& 0& 776 
& 670 
& 0.14& 0.24& 0.98
& 0.04& 0.07& 1.00
& $\geq$0& $\geq$0.0\%
\\


